[0.011s] Invoking command in '/home/russ/fromScratchTurtleBot/build/ldlidar_stl_ros2': CMAKE_PREFIX_PATH=${CMAKE_PREFIX_PATH}:/opt/ros/jazzy DEBUGINFOD_URLS=https://debuginfod.ubuntu.com /usr/bin/cmake --build /home/russ/fromScratchTurtleBot/build/ldlidar_stl_ros2 -- -j8 -l8
[0.070s] [ 12%] [32mBuilding CXX object CMakeFiles/ldlidar_stl_ros2_node.dir/ldlidar_driver/src/logger/log_module.cpp.o[0m
[0.283s] [ 25%] [32m[1mLinking CXX executable ldlidar_stl_ros2_node[0m
[0.487s] [100%] Built target ldlidar_stl_ros2_node
[0.496s] Invoked command in '/home/russ/fromScratchTurtleBot/build/ldlidar_stl_ros2' returned '0': CMAKE_PREFIX_PATH=${CMAKE_PREFIX_PATH}:/opt/ros/jazzy DEBUGINFOD_URLS=https://debuginfod.ubuntu.com /usr/bin/cmake --build /home/russ/fromScratchTurtleBot/build/ldlidar_stl_ros2 -- -j8 -l8
[0.506s] Invoking command in '/home/russ/fromScratchTurtleBot/build/ldlidar_stl_ros2': CMAKE_PREFIX_PATH=${CMAKE_PREFIX_PATH}:/opt/ros/jazzy DEBUGINFOD_URLS=https://debuginfod.ubuntu.com /usr/bin/cmake --install /home/russ/fromScratchTurtleBot/build/ldlidar_stl_ros2
[0.513s] -- Install configuration: ""
[0.513s] -- Installing: /home/russ/fromScratchTurtleBot/install/ldlidar_stl_ros2/lib/ldlidar_stl_ros2/ldlidar_stl_ros2_node
[0.514s] -- Set non-toolchain portion of runtime path of "/home/russ/fromScratchTurtleBot/install/ldlidar_stl_ros2/lib/ldlidar_stl_ros2/ldlidar_stl_ros2_node" to ""
[0.514s] -- Installing: /home/russ/fromScratchTurtleBot/install/ldlidar_stl_ros2/share/ldlidar_stl_ros2//launch
[0.514s] -- Installing: /home/russ/fromScratchTurtleBot/install/ldlidar_stl_ros2/share/ldlidar_stl_ros2//launch/stl27l.launch.py
[0.514s] -- Installing: /home/russ/fromScratchTurtleBot/install/ldlidar_stl_ros2/share/ldlidar_stl_ros2//launch/ld06.launch.py
[0.514s] -- Installing: /home/russ/fromScratchTurtleBot/install/ldlidar_stl_ros2/share/ldlidar_stl_ros2//launch/viewer_ld19.launch.py
[0.514s] -- Installing: /home/russ/fromScratchTurtleBot/install/ldlidar_stl_ros2/share/ldlidar_stl_ros2//launch/viewer_ld06.launch.py
[0.514s] -- Installing: /home/russ/fromScratchTurtleBot/install/ldlidar_stl_ros2/share/ldlidar_stl_ros2//launch/ld19.launch.py
[0.514s] -- Installing: /home/russ/fromScratchTurtleBot/install/ldlidar_stl_ros2/share/ldlidar_stl_ros2//launch/viewer_stl27l.launch.py
[0.514s] -- Installing: /home/russ/fromScratchTurtleBot/install/ldlidar_stl_ros2/share/ldlidar_stl_ros2//rviz2
[0.514s] -- Installing: /home/russ/fromScratchTurtleBot/install/ldlidar_stl_ros2/share/ldlidar_stl_ros2//rviz2/ldlidar.rviz
[0.514s] -- Installing: /home/russ/fromScratchTurtleBot/install/ldlidar_stl_ros2/share/ament_index/resource_index/package_run_dependencies/ldlidar_stl_ros2
[0.514s] -- Installing: /home/russ/fromScratchTurtleBot/install/ldlidar_stl_ros2/share/ament_index/resource_index/parent_prefix_path/ldlidar_stl_ros2
[0.514s] -- Installing: /home/russ/fromScratchTurtleBot/install/ldlidar_stl_ros2/share/ldlidar_stl_ros2/environment/ament_prefix_path.sh
[0.515s] -- Installing: /home/russ/fromScratchTurtleBot/install/ldlidar_stl_ros2/share/ldlidar_stl_ros2/environment/ament_prefix_path.dsv
[0.515s] -- Installing: /home/russ/fromScratchTurtleBot/install/ldlidar_stl_ros2/share/ldlidar_stl_ros2/environment/path.sh
[0.515s] -- Installing: /home/russ/fromScratchTurtleBot/install/ldlidar_stl_ros2/share/ldlidar_stl_ros2/environment/path.dsv
[0.515s] -- Installing: /home/russ/fromScratchTurtleBot/install/ldlidar_stl_ros2/share/ldlidar_stl_ros2/local_setup.bash
[0.515s] -- Installing: /home/russ/fromScratchTurtleBot/install/ldlidar_stl_ros2/share/ldlidar_stl_ros2/local_setup.sh
[0.515s] -- Installing: /home/russ/fromScratchTurtleBot/install/ldlidar_stl_ros2/share/ldlidar_stl_ros2/local_setup.zsh
[0.515s] -- Installing: /home/russ/fromScratchTurtleBot/install/ldlidar_stl_ros2/share/ldlidar_stl_ros2/local_setup.dsv
[0.516s] -- Installing: /home/russ/fromScratchTurtleBot/install/ldlidar_stl_ros2/share/ldlidar_stl_ros2/package.dsv
[0.516s] -- Installing: /home/russ/fromScratchTurtleBot/install/ldlidar_stl_ros2/share/ament_index/resource_index/packages/ldlidar_stl_ros2
[0.516s] -- Installing: /home/russ/fromScratchTurtleBot/install/ldlidar_stl_ros2/share/ldlidar_stl_ros2/cmake/ldlidar_stl_ros2Config.cmake
[0.516s] -- Installing: /home/russ/fromScratchTurtleBot/install/ldlidar_stl_ros2/share/ldlidar_stl_ros2/cmake/ldlidar_stl_ros2Config-version.cmake
[0.516s] -- Installing: /home/russ/fromScratchTurtleBot/install/ldlidar_stl_ros2/share/ldlidar_stl_ros2/package.xml
[0.518s] Invoked command in '/home/russ/fromScratchTurtleBot/build/ldlidar_stl_ros2' returned '0': CMAKE_PREFIX_PATH=${CMAKE_PREFIX_PATH}:/opt/ros/jazzy DEBUGINFOD_URLS=https://debuginfod.ubuntu.com /usr/bin/cmake --install /home/russ/fromScratchTurtleBot/build/ldlidar_stl_ros2
