[0.010s] Invoking command in '/home/russ/fromScratchTurtleBot/build/ldlidar_stl_ros2': CMAKE_PREFIX_PATH=${CMAKE_PREFIX_PATH}:/opt/ros/jazzy DEBUGINFOD_URLS=https://debuginfod.ubuntu.com /usr/bin/cmake /home/russ/fromScratchTurtleBot/src/ldlidar_stl_ros2 -DCMAKE_INSTALL_PREFIX=/home/russ/fromScratchTurtleBot/install/ldlidar_stl_ros2
[0.222s] -- The C compiler identification is GNU 13.3.0
[0.364s] -- The CXX compiler identification is GNU 13.3.0
[0.380s] -- Detecting C compiler ABI info
[0.498s] -- Detecting C compiler ABI info - done
[0.506s] -- Check for working C compiler: /usr/bin/cc - skipped
[0.507s] -- Detecting C compile features
[0.507s] -- Detecting C compile features - done
[0.516s] -- Detecting CXX compiler ABI info
[0.616s] -- Detecting CXX compiler ABI info - done
[0.624s] -- Check for working CXX compiler: /usr/bin/c++ - skipped
[0.624s] -- Detecting CXX compile features
[0.624s] -- Detecting CXX compile features - done
[0.645s] -- Found ament_cmake: 2.5.5 (/opt/ros/jazzy/share/ament_cmake/cmake)
[0.772s] -- Found Python3: /usr/bin/python3 (found version "3.12.3") found components: Interpreter 
[0.879s] -- Found rclcpp: 28.1.16 (/opt/ros/jazzy/share/rclcpp/cmake)
[0.934s] -- Found rosidl_generator_c: 4.6.7 (/opt/ros/jazzy/share/rosidl_generator_c/cmake)
[0.951s] -- Found rosidl_generator_cpp: 4.6.7 (/opt/ros/jazzy/share/rosidl_generator_cpp/cmake)
[0.972s] -- Using all available rosidl_typesupport_c: rosidl_typesupport_fastrtps_c;rosidl_typesupport_introspection_c
[0.993s] -- Using all available rosidl_typesupport_cpp: rosidl_typesupport_fastrtps_cpp;rosidl_typesupport_introspection_cpp
[1.083s] -- Found rmw_implementation_cmake: 7.3.3 (/opt/ros/jazzy/share/rmw_implementation_cmake/cmake)
[1.088s] -- Found rmw_fastrtps_cpp: 8.4.3 (/opt/ros/jazzy/share/rmw_fastrtps_cpp/cmake)
[1.173s] -- Found OpenSSL: /usr/lib/x86_64-linux-gnu/libcrypto.so (found version "3.0.13")  
[1.191s] -- Found FastRTPS: /opt/ros/jazzy/include (Required is at least version "2.13") 
[1.211s] -- Using RMW implementation 'rmw_fastrtps_cpp' as default
[1.296s] -- Found sensor_msgs: 5.3.6 (/opt/ros/jazzy/share/sensor_msgs/cmake)
[1.366s] -- Found ament_lint_auto: 0.17.4 (/opt/ros/jazzy/share/ament_lint_auto/cmake)
[1.466s] -- Added test 'copyright' to check source files copyright and LICENSE
[1.469s] -- Added test 'cppcheck' to perform static code analysis on C / C++ code
[1.470s] -- Configured cppcheck include dirs: /home/russ/fromScratchTurtleBot/src/ldlidar_stl_ros2/include;/home/russ/fromScratchTurtleBot/src/ldlidar_stl_ros2/ldlidar_driver/include/core;/home/russ/fromScratchTurtleBot/src/ldlidar_stl_ros2/ldlidar_driver/include/dataprocess;/home/russ/fromScratchTurtleBot/src/ldlidar_stl_ros2/ldlidar_driver/include/filter;/home/russ/fromScratchTurtleBot/src/ldlidar_stl_ros2/ldlidar_driver/include/logger;/home/russ/fromScratchTurtleBot/src/ldlidar_stl_ros2/ldlidar_driver/include/networkcom;/home/russ/fromScratchTurtleBot/src/ldlidar_stl_ros2/ldlidar_driver/include/serialcom
[1.470s] -- Configured cppcheck exclude dirs and/or files: 
[1.473s] -- Added test 'cpplint' to check C / C++ code against the Google style
[1.473s] -- Configured cpplint exclude dirs and/or files: 
[1.474s] -- Added test 'flake8' to check Python code syntax and style conventions
[1.474s] -- Configured 'flake8' exclude dirs and/or files: 
[1.476s] -- Added test 'lint_cmake' to check CMake code style
[1.477s] -- Added test 'pep257' to check Python code against some of the docstring style conventions in PEP 257
[1.480s] -- Added test 'uncrustify' to check C / C++ code style
[1.480s] -- Configured uncrustify additional arguments: 
[1.481s] -- Added test 'xmllint' to check XML markup files
[1.482s] -- Configuring done (1.4s)
[1.491s] -- Generating done (0.0s)
[1.495s] -- Build files have been written to: /home/russ/fromScratchTurtleBot/build/ldlidar_stl_ros2
[1.502s] Invoked command in '/home/russ/fromScratchTurtleBot/build/ldlidar_stl_ros2' returned '0': CMAKE_PREFIX_PATH=${CMAKE_PREFIX_PATH}:/opt/ros/jazzy DEBUGINFOD_URLS=https://debuginfod.ubuntu.com /usr/bin/cmake /home/russ/fromScratchTurtleBot/src/ldlidar_stl_ros2 -DCMAKE_INSTALL_PREFIX=/home/russ/fromScratchTurtleBot/install/ldlidar_stl_ros2
[1.503s] Invoking command in '/home/russ/fromScratchTurtleBot/build/ldlidar_stl_ros2': CMAKE_PREFIX_PATH=${CMAKE_PREFIX_PATH}:/opt/ros/jazzy DEBUGINFOD_URLS=https://debuginfod.ubuntu.com /usr/bin/cmake --build /home/russ/fromScratchTurtleBot/build/ldlidar_stl_ros2 -- -j8 -l8
[1.546s] [ 12%] [32mBuilding CXX object CMakeFiles/ldlidar_stl_ros2_node.dir/ldlidar_driver/src/logger/log_module.cpp.o[0m
[1.547s] [ 62%] [32mBuilding CXX object CMakeFiles/ldlidar_stl_ros2_node.dir/ldlidar_driver/src/core/ldlidar_driver.cpp.o[0m
[1.548s] [ 62%] [32mBuilding CXX object CMakeFiles/ldlidar_stl_ros2_node.dir/ldlidar_driver/src/dataprocess/lipkg.cpp.o[0m
[1.548s] [ 62%] [32mBuilding CXX object CMakeFiles/ldlidar_stl_ros2_node.dir/ldlidar_driver/src/filter/tofbf.cpp.o[0m
[1.548s] [ 62%] [32mBuilding CXX object CMakeFiles/ldlidar_stl_ros2_node.dir/src/demo.cpp.o[0m
[1.548s] [ 75%] [32mBuilding CXX object CMakeFiles/ldlidar_stl_ros2_node.dir/ldlidar_driver/src/networkcom/network_socket_interface_linux.cpp.o[0m
[1.548s] [ 87%] [32mBuilding CXX object CMakeFiles/ldlidar_stl_ros2_node.dir/ldlidar_driver/src/serialcom/serial_interface_linux.cpp.o[0m
[1.797s] [01m[K/home/russ/fromScratchTurtleBot/src/ldlidar_stl_ros2/ldlidar_driver/src/logger/log_module.cpp:[m[K In member function ‘[01m[Kvoid LogModule::[01;32m[KInitLock[m[K()[m[K’:
[1.797s] [01m[K/home/russ/fromScratchTurtleBot/src/ldlidar_stl_ros2/ldlidar_driver/src/logger/log_module.cpp:172:3:[m[K [01;31m[Kerror: [m[K‘[01m[Kpthread_mutex_init[m[K’ was not declared in this scope; did you mean ‘[01m[Kpthread_mutex_t[m[K’?
[1.797s]   172 |   [01;31m[Kpthread_mutex_init[m[K(&mutex_lock_,NULL);
[1.797s]       |   [01;31m[K^~~~~~~~~~~~~~~~~~[m[K
[1.797s]       |   [32m[Kpthread_mutex_t[m[K
[1.800s] [01m[K/home/russ/fromScratchTurtleBot/src/ldlidar_stl_ros2/ldlidar_driver/src/logger/log_module.cpp:[m[K In member function ‘[01m[Kvoid LogModule::[01;32m[KRealseLock[m[K()[m[K’:
[1.800s] [01m[K/home/russ/fromScratchTurtleBot/src/ldlidar_stl_ros2/ldlidar_driver/src/logger/log_module.cpp:180:9:[m[K [01;31m[Kerror: [m[K‘[01m[Kpthread_mutex_unlock[m[K’ was not declared in this scope; did you mean ‘[01m[Kpthread_mutex_t[m[K’?
[1.800s]   180 |         [01;31m[Kpthread_mutex_unlock[m[K(&mutex_lock_);
[1.800s]       |         [01;31m[K^~~~~~~~~~~~~~~~~~~~[m[K
[1.800s]       |         [32m[Kpthread_mutex_t[m[K
[1.802s] [01m[K/home/russ/fromScratchTurtleBot/src/ldlidar_stl_ros2/ldlidar_driver/src/logger/log_module.cpp:[m[K In member function ‘[01m[Kvoid LogModule::[01;32m[KLock[m[K()[m[K’:
[1.802s] [01m[K/home/russ/fromScratchTurtleBot/src/ldlidar_stl_ros2/ldlidar_driver/src/logger/log_module.cpp:188:9:[m[K [01;31m[Kerror: [m[K‘[01m[Kpthread_mutex_lock[m[K’ was not declared in this scope; did you mean ‘[01m[Kpthread_mutex_t[m[K’?
[1.802s]   188 |         [01;31m[Kpthread_mutex_lock[m[K(&mutex_lock_);
[1.802s]       |         [01;31m[K^~~~~~~~~~~~~~~~~~[m[K
[1.802s]       |         [32m[Kpthread_mutex_t[m[K
[1.805s] [01m[K/home/russ/fromScratchTurtleBot/src/ldlidar_stl_ros2/ldlidar_driver/src/logger/log_module.cpp:[m[K In member function ‘[01m[Kvoid LogModule::[01;32m[KUnLock[m[K()[m[K’:
[1.806s] [01m[K/home/russ/fromScratchTurtleBot/src/ldlidar_stl_ros2/ldlidar_driver/src/logger/log_module.cpp:196:9:[m[K [01;31m[Kerror: [m[K‘[01m[Kpthread_mutex_unlock[m[K’ was not declared in this scope; did you mean ‘[01m[Kpthread_mutex_t[m[K’?
[1.807s]   196 |         [01;31m[Kpthread_mutex_unlock[m[K(&mutex_lock_);
[1.807s]       |         [01;31m[K^~~~~~~~~~~~~~~~~~~~[m[K
[1.808s]       |         [32m[Kpthread_mutex_t[m[K
[1.842s] gmake[2]: *** [CMakeFiles/ldlidar_stl_ros2_node.dir/build.make:132: CMakeFiles/ldlidar_stl_ros2_node.dir/ldlidar_driver/src/logger/log_module.cpp.o] Error 1
[1.843s] gmake[2]: *** Waiting for unfinished jobs....
[4.978s] gmake[1]: *** [CMakeFiles/Makefile2:137: CMakeFiles/ldlidar_stl_ros2_node.dir/all] Error 2
[4.978s] gmake: *** [Makefile:146: all] Error 2
[4.980s] Invoked command in '/home/russ/fromScratchTurtleBot/build/ldlidar_stl_ros2' returned '2': CMAKE_PREFIX_PATH=${CMAKE_PREFIX_PATH}:/opt/ros/jazzy DEBUGINFOD_URLS=https://debuginfod.ubuntu.com /usr/bin/cmake --build /home/russ/fromScratchTurtleBot/build/ldlidar_stl_ros2 -- -j8 -l8
