[0.010s] Invoking command in '/home/russ/fromScratchTurtleBot/build/ldlidar_stl_ros2': CMAKE_PREFIX_PATH=${CMAKE_PREFIX_PATH}:/opt/ros/jazzy DEBUGINFOD_URLS=https://debuginfod.ubuntu.com /usr/bin/cmake --build /home/russ/fromScratchTurtleBot/build/ldlidar_stl_ros2 -- -j8 -l8
[0.035s] -- Found ament_cmake: 2.5.5 (/opt/ros/jazzy/share/ament_cmake/cmake)
[0.229s] -- Found rclcpp: 28.1.16 (/opt/ros/jazzy/share/rclcpp/cmake)
[0.266s] -- Found rosidl_generator_c: 4.6.7 (/opt/ros/jazzy/share/rosidl_generator_c/cmake)
[0.275s] -- Found rosidl_generator_cpp: 4.6.7 (/opt/ros/jazzy/share/rosidl_generator_cpp/cmake)
[0.288s] -- Using all available rosidl_typesupport_c: rosidl_typesupport_fastrtps_c;rosidl_typesupport_introspection_c
[0.302s] -- Using all available rosidl_typesupport_cpp: rosidl_typesupport_fastrtps_cpp;rosidl_typesupport_introspection_cpp
[0.365s] -- Found rmw_implementation_cmake: 7.3.3 (/opt/ros/jazzy/share/rmw_implementation_cmake/cmake)
[0.367s] -- Found rmw_fastrtps_cpp: 8.4.3 (/opt/ros/jazzy/share/rmw_fastrtps_cpp/cmake)
[0.426s] -- Using RMW implementation 'rmw_fastrtps_cpp' as default
[0.492s] -- Found sensor_msgs: 5.3.6 (/opt/ros/jazzy/share/sensor_msgs/cmake)
[0.550s] -- Found ament_lint_auto: 0.17.4 (/opt/ros/jazzy/share/ament_lint_auto/cmake)
[0.629s] -- Added test 'copyright' to check source files copyright and LICENSE
[0.632s] -- Added test 'cppcheck' to perform static code analysis on C / C++ code
[0.632s] -- Configured cppcheck include dirs: /home/russ/fromScratchTurtleBot/src/ldlidar_stl_ros2/include;/home/russ/fromScratchTurtleBot/src/ldlidar_stl_ros2/ldlidar_driver/include/core;/home/russ/fromScratchTurtleBot/src/ldlidar_stl_ros2/ldlidar_driver/include/dataprocess;/home/russ/fromScratchTurtleBot/src/ldlidar_stl_ros2/ldlidar_driver/include/filter;/home/russ/fromScratchTurtleBot/src/ldlidar_stl_ros2/ldlidar_driver/include/logger;/home/russ/fromScratchTurtleBot/src/ldlidar_stl_ros2/ldlidar_driver/include/networkcom;/home/russ/fromScratchTurtleBot/src/ldlidar_stl_ros2/ldlidar_driver/include/serialcom
[0.632s] -- Configured cppcheck exclude dirs and/or files: 
[0.635s] -- Added test 'cpplint' to check C / C++ code against the Google style
[0.635s] -- Configured cpplint exclude dirs and/or files: 
[0.636s] -- Added test 'flake8' to check Python code syntax and style conventions
[0.636s] -- Configured 'flake8' exclude dirs and/or files: 
[0.637s] -- Added test 'lint_cmake' to check CMake code style
[0.638s] -- Added test 'pep257' to check Python code against some of the docstring style conventions in PEP 257
[0.641s] -- Added test 'uncrustify' to check C / C++ code style
[0.641s] -- Configured uncrustify additional arguments: 
[0.641s] -- Added test 'xmllint' to check XML markup files
[0.642s] -- Configuring done (0.6s)
[0.652s] -- Generating done (0.0s)
[0.654s] -- Build files have been written to: /home/russ/fromScratchTurtleBot/build/ldlidar_stl_ros2
[0.696s] [ 12%] [32mBuilding CXX object CMakeFiles/ldlidar_stl_ros2_node.dir/ldlidar_driver/src/filter/tofbf.cpp.o[0m
[0.697s] [ 50%] [32mBuilding CXX object CMakeFiles/ldlidar_stl_ros2_node.dir/src/demo.cpp.o[0m
[0.697s] [ 50%] [32mBuilding CXX object CMakeFiles/ldlidar_stl_ros2_node.dir/ldlidar_driver/src/dataprocess/lipkg.cpp.o[0m
[0.697s] [ 50%] [32mBuilding CXX object CMakeFiles/ldlidar_stl_ros2_node.dir/ldlidar_driver/src/core/ldlidar_driver.cpp.o[0m
[0.698s] [ 87%] [32mBuilding CXX object CMakeFiles/ldlidar_stl_ros2_node.dir/ldlidar_driver/src/networkcom/network_socket_interface_linux.cpp.o[0m
[0.698s] [ 87%] [32mBuilding CXX object CMakeFiles/ldlidar_stl_ros2_node.dir/ldlidar_driver/src/logger/log_module.cpp.o[0m
[0.698s] [ 87%] [32mBuilding CXX object CMakeFiles/ldlidar_stl_ros2_node.dir/ldlidar_driver/src/serialcom/serial_interface_linux.cpp.o[0m
[0.965s] [01m[K/home/russ/fromScratchTurtleBot/src/ldlidar_stl_ros2/ldlidar_driver/src/logger/log_module.cpp:[m[K In member function ‘[01m[Kvoid LogModule::[01;32m[KInitLock[m[K()[m[K’:
[0.965s] [01m[K/home/russ/fromScratchTurtleBot/src/ldlidar_stl_ros2/ldlidar_driver/src/logger/log_module.cpp:172:3:[m[K [01;31m[Kerror: [m[K‘[01m[Kpthread_mutex_init[m[K’ was not declared in this scope; did you mean ‘[01m[Kpthread_mutex_t[m[K’?
[0.965s]   172 |   [01;31m[Kpthread_mutex_init[m[K(&mutex_lock_,NULL);
[0.965s]       |   [01;31m[K^~~~~~~~~~~~~~~~~~[m[K
[0.965s]       |   [32m[Kpthread_mutex_t[m[K
[0.968s] [01m[K/home/russ/fromScratchTurtleBot/src/ldlidar_stl_ros2/ldlidar_driver/src/logger/log_module.cpp:[m[K In member function ‘[01m[Kvoid LogModule::[01;32m[KRealseLock[m[K()[m[K’:
[0.968s] [01m[K/home/russ/fromScratchTurtleBot/src/ldlidar_stl_ros2/ldlidar_driver/src/logger/log_module.cpp:180:9:[m[K [01;31m[Kerror: [m[K‘[01m[Kpthread_mutex_unlock[m[K’ was not declared in this scope; did you mean ‘[01m[Kpthread_mutex_t[m[K’?
[0.968s]   180 |         [01;31m[Kpthread_mutex_unlock[m[K(&mutex_lock_);
[0.968s]       |         [01;31m[K^~~~~~~~~~~~~~~~~~~~[m[K
[0.968s]       |         [32m[Kpthread_mutex_t[m[K
[0.970s] [01m[K/home/russ/fromScratchTurtleBot/src/ldlidar_stl_ros2/ldlidar_driver/src/logger/log_module.cpp:[m[K In member function ‘[01m[Kvoid LogModule::[01;32m[KLock[m[K()[m[K’:
[0.970s] [01m[K/home/russ/fromScratchTurtleBot/src/ldlidar_stl_ros2/ldlidar_driver/src/logger/log_module.cpp:188:9:[m[K [01;31m[Kerror: [m[K‘[01m[Kpthread_mutex_lock[m[K’ was not declared in this scope; did you mean ‘[01m[Kpthread_mutex_t[m[K’?
[0.971s]   188 |         [01;31m[Kpthread_mutex_lock[m[K(&mutex_lock_);
[0.971s]       |         [01;31m[K^~~~~~~~~~~~~~~~~~[m[K
[0.971s]       |         [32m[Kpthread_mutex_t[m[K
[0.973s] [01m[K/home/russ/fromScratchTurtleBot/src/ldlidar_stl_ros2/ldlidar_driver/src/logger/log_module.cpp:[m[K In member function ‘[01m[Kvoid LogModule::[01;32m[KUnLock[m[K()[m[K’:
[0.973s] [01m[K/home/russ/fromScratchTurtleBot/src/ldlidar_stl_ros2/ldlidar_driver/src/logger/log_module.cpp:196:9:[m[K [01;31m[Kerror: [m[K‘[01m[Kpthread_mutex_unlock[m[K’ was not declared in this scope; did you mean ‘[01m[Kpthread_mutex_t[m[K’?
[0.973s]   196 |         [01;31m[Kpthread_mutex_unlock[m[K(&mutex_lock_);
[0.974s]       |         [01;31m[K^~~~~~~~~~~~~~~~~~~~[m[K
[0.974s]       |         [32m[Kpthread_mutex_t[m[K
[1.020s] gmake[2]: *** [CMakeFiles/ldlidar_stl_ros2_node.dir/build.make:132: CMakeFiles/ldlidar_stl_ros2_node.dir/ldlidar_driver/src/logger/log_module.cpp.o] Error 1
[1.020s] gmake[2]: *** Waiting for unfinished jobs....
[4.168s] gmake[1]: *** [CMakeFiles/Makefile2:137: CMakeFiles/ldlidar_stl_ros2_node.dir/all] Error 2
[4.168s] gmake: *** [Makefile:146: all] Error 2
[4.170s] Invoked command in '/home/russ/fromScratchTurtleBot/build/ldlidar_stl_ros2' returned '2': CMAKE_PREFIX_PATH=${CMAKE_PREFIX_PATH}:/opt/ros/jazzy DEBUGINFOD_URLS=https://debuginfod.ubuntu.com /usr/bin/cmake --build /home/russ/fromScratchTurtleBot/build/ldlidar_stl_ros2 -- -j8 -l8
