[0.009s] Invoking command in '/home/russ/fromScratchTurtleBot/build/ldlidar_stl_ros2': CMAKE_PREFIX_PATH=${CMAKE_PREFIX_PATH}:/opt/ros/jazzy DEBUGINFOD_URLS=https://debuginfod.ubuntu.com /usr/bin/cmake /home/russ/fromScratchTurtleBot/src/ldlidar_stl_ros2 -DCMAKE_INSTALL_PREFIX=/home/russ/fromScratchTurtleBot/install/ldlidar_stl_ros2
[0.074s] -- The C compiler identification is GNU 13.3.0
[0.132s] -- The CXX compiler identification is GNU 13.3.0
[0.149s] -- Detecting C compiler ABI info
[0.234s] -- Detecting C compiler ABI info - done
[0.242s] -- Check for working C compiler: /usr/bin/cc - skipped
[0.243s] -- Detecting C compile features
[0.243s] -- Detecting C compile features - done
[0.252s] -- Detecting CXX compiler ABI info
[0.346s] -- Detecting CXX compiler ABI info - done
[0.364s] -- Check for working CXX compiler: /usr/bin/c++ - skipped
[0.364s] -- Detecting CXX compile features
[0.364s] -- Detecting CXX compile features - done
[0.378s] -- Found ament_cmake: 2.5.5 (/opt/ros/jazzy/share/ament_cmake/cmake)
[0.514s] -- Found Python3: /usr/bin/python3 (found version "3.12.3") found components: Interpreter 
[0.635s] -- Found rclcpp: 28.1.16 (/opt/ros/jazzy/share/rclcpp/cmake)
[0.694s] -- Found rosidl_generator_c: 4.6.7 (/opt/ros/jazzy/share/rosidl_generator_c/cmake)
[0.711s] -- Found rosidl_generator_cpp: 4.6.7 (/opt/ros/jazzy/share/rosidl_generator_cpp/cmake)
[0.733s] -- Using all available rosidl_typesupport_c: rosidl_typesupport_fastrtps_c;rosidl_typesupport_introspection_c
[0.755s] -- Using all available rosidl_typesupport_cpp: rosidl_typesupport_fastrtps_cpp;rosidl_typesupport_introspection_cpp
[0.845s] -- Found rmw_implementation_cmake: 7.3.3 (/opt/ros/jazzy/share/rmw_implementation_cmake/cmake)
[0.850s] -- Found rmw_fastrtps_cpp: 8.4.3 (/opt/ros/jazzy/share/rmw_fastrtps_cpp/cmake)
[0.942s] -- Found OpenSSL: /usr/lib/x86_64-linux-gnu/libcrypto.so (found version "3.0.13")  
[0.960s] -- Found FastRTPS: /opt/ros/jazzy/include (Required is at least version "2.13") 
[0.980s] -- Using RMW implementation 'rmw_fastrtps_cpp' as default
[1.071s] -- Found sensor_msgs: 5.3.6 (/opt/ros/jazzy/share/sensor_msgs/cmake)
[1.141s] -- Found ament_lint_auto: 0.17.4 (/opt/ros/jazzy/share/ament_lint_auto/cmake)
[1.246s] -- Added test 'copyright' to check source files copyright and LICENSE
[1.255s] -- Added test 'cppcheck' to perform static code analysis on C / C++ code
[1.256s] -- Configured cppcheck include dirs: /home/russ/fromScratchTurtleBot/src/ldlidar_stl_ros2/include;/home/russ/fromScratchTurtleBot/src/ldlidar_stl_ros2/ldlidar_driver/include/core;/home/russ/fromScratchTurtleBot/src/ldlidar_stl_ros2/ldlidar_driver/include/dataprocess;/home/russ/fromScratchTurtleBot/src/ldlidar_stl_ros2/ldlidar_driver/include/filter;/home/russ/fromScratchTurtleBot/src/ldlidar_stl_ros2/ldlidar_driver/include/logger;/home/russ/fromScratchTurtleBot/src/ldlidar_stl_ros2/ldlidar_driver/include/networkcom;/home/russ/fromScratchTurtleBot/src/ldlidar_stl_ros2/ldlidar_driver/include/serialcom
[1.256s] -- Configured cppcheck exclude dirs and/or files: 
[1.267s] -- Added test 'cpplint' to check C / C++ code against the Google style
[1.267s] -- Configured cpplint exclude dirs and/or files: 
[1.269s] -- Added test 'flake8' to check Python code syntax and style conventions
[1.269s] -- Configured 'flake8' exclude dirs and/or files: 
[1.273s] -- Added test 'lint_cmake' to check CMake code style
[1.275s] -- Added test 'pep257' to check Python code against some of the docstring style conventions in PEP 257
[1.285s] -- Added test 'uncrustify' to check C / C++ code style
[1.285s] -- Configured uncrustify additional arguments: 
[1.288s] -- Added test 'xmllint' to check XML markup files
[1.289s] -- Configuring done (1.3s)
[1.298s] -- Generating done (0.0s)
[1.301s] -- Build files have been written to: /home/russ/fromScratchTurtleBot/build/ldlidar_stl_ros2
[1.309s] Invoked command in '/home/russ/fromScratchTurtleBot/build/ldlidar_stl_ros2' returned '0': CMAKE_PREFIX_PATH=${CMAKE_PREFIX_PATH}:/opt/ros/jazzy DEBUGINFOD_URLS=https://debuginfod.ubuntu.com /usr/bin/cmake /home/russ/fromScratchTurtleBot/src/ldlidar_stl_ros2 -DCMAKE_INSTALL_PREFIX=/home/russ/fromScratchTurtleBot/install/ldlidar_stl_ros2
[1.310s] Invoking command in '/home/russ/fromScratchTurtleBot/build/ldlidar_stl_ros2': CMAKE_PREFIX_PATH=${CMAKE_PREFIX_PATH}:/opt/ros/jazzy DEBUGINFOD_URLS=https://debuginfod.ubuntu.com /usr/bin/cmake --build /home/russ/fromScratchTurtleBot/build/ldlidar_stl_ros2 -- -j8 -l8
[1.355s] [ 12%] [32mBuilding CXX object CMakeFiles/ldlidar_stl_ros2_node.dir/ldlidar_driver/src/core/ldlidar_driver.cpp.o[0m
[1.356s] [ 25%] [32mBuilding CXX object CMakeFiles/ldlidar_stl_ros2_node.dir/src/demo.cpp.o[0m
[1.357s] [ 62%] [32mBuilding CXX object CMakeFiles/ldlidar_stl_ros2_node.dir/ldlidar_driver/src/logger/log_module.cpp.o[0m
[1.357s] [ 62%] [32mBuilding CXX object CMakeFiles/ldlidar_stl_ros2_node.dir/ldlidar_driver/src/dataprocess/lipkg.cpp.o[0m
[1.357s] [ 62%] [32mBuilding CXX object CMakeFiles/ldlidar_stl_ros2_node.dir/ldlidar_driver/src/filter/tofbf.cpp.o[0m
[1.357s] [ 75%] [32mBuilding CXX object CMakeFiles/ldlidar_stl_ros2_node.dir/ldlidar_driver/src/networkcom/network_socket_interface_linux.cpp.o[0m
[1.357s] [ 87%] [32mBuilding CXX object CMakeFiles/ldlidar_stl_ros2_node.dir/ldlidar_driver/src/serialcom/serial_interface_linux.cpp.o[0m
[5.043s] [100%] [32m[1mLinking CXX executable ldlidar_stl_ros2_node[0m
[5.226s] [100%] Built target ldlidar_stl_ros2_node
[5.235s] Invoked command in '/home/russ/fromScratchTurtleBot/build/ldlidar_stl_ros2' returned '0': CMAKE_PREFIX_PATH=${CMAKE_PREFIX_PATH}:/opt/ros/jazzy DEBUGINFOD_URLS=https://debuginfod.ubuntu.com /usr/bin/cmake --build /home/russ/fromScratchTurtleBot/build/ldlidar_stl_ros2 -- -j8 -l8
[5.243s] Invoking command in '/home/russ/fromScratchTurtleBot/build/ldlidar_stl_ros2': CMAKE_PREFIX_PATH=${CMAKE_PREFIX_PATH}:/opt/ros/jazzy DEBUGINFOD_URLS=https://debuginfod.ubuntu.com /usr/bin/cmake --install /home/russ/fromScratchTurtleBot/build/ldlidar_stl_ros2
[5.249s] -- Install configuration: ""
[5.249s] -- Installing: /home/russ/fromScratchTurtleBot/install/ldlidar_stl_ros2/lib/ldlidar_stl_ros2/ldlidar_stl_ros2_node
[5.250s] -- Set non-toolchain portion of runtime path of "/home/russ/fromScratchTurtleBot/install/ldlidar_stl_ros2/lib/ldlidar_stl_ros2/ldlidar_stl_ros2_node" to ""
[5.250s] -- Installing: /home/russ/fromScratchTurtleBot/install/ldlidar_stl_ros2/share/ldlidar_stl_ros2//launch
[5.250s] -- Installing: /home/russ/fromScratchTurtleBot/install/ldlidar_stl_ros2/share/ldlidar_stl_ros2//launch/stl27l.launch.py
[5.250s] -- Installing: /home/russ/fromScratchTurtleBot/install/ldlidar_stl_ros2/share/ldlidar_stl_ros2//launch/ld06.launch.py
[5.250s] -- Installing: /home/russ/fromScratchTurtleBot/install/ldlidar_stl_ros2/share/ldlidar_stl_ros2//launch/viewer_ld19.launch.py
[5.250s] -- Installing: /home/russ/fromScratchTurtleBot/install/ldlidar_stl_ros2/share/ldlidar_stl_ros2//launch/viewer_ld06.launch.py
[5.250s] -- Installing: /home/russ/fromScratchTurtleBot/install/ldlidar_stl_ros2/share/ldlidar_stl_ros2//launch/ld19.launch.py
[5.251s] -- Installing: /home/russ/fromScratchTurtleBot/install/ldlidar_stl_ros2/share/ldlidar_stl_ros2//launch/viewer_stl27l.launch.py
[5.251s] -- Installing: /home/russ/fromScratchTurtleBot/install/ldlidar_stl_ros2/share/ldlidar_stl_ros2//rviz2
[5.251s] -- Installing: /home/russ/fromScratchTurtleBot/install/ldlidar_stl_ros2/share/ldlidar_stl_ros2//rviz2/ldlidar.rviz
[5.251s] -- Installing: /home/russ/fromScratchTurtleBot/install/ldlidar_stl_ros2/share/ament_index/resource_index/package_run_dependencies/ldlidar_stl_ros2
[5.251s] -- Installing: /home/russ/fromScratchTurtleBot/install/ldlidar_stl_ros2/share/ament_index/resource_index/parent_prefix_path/ldlidar_stl_ros2
[5.251s] -- Installing: /home/russ/fromScratchTurtleBot/install/ldlidar_stl_ros2/share/ldlidar_stl_ros2/environment/ament_prefix_path.sh
[5.251s] -- Installing: /home/russ/fromScratchTurtleBot/install/ldlidar_stl_ros2/share/ldlidar_stl_ros2/environment/ament_prefix_path.dsv
[5.251s] -- Installing: /home/russ/fromScratchTurtleBot/install/ldlidar_stl_ros2/share/ldlidar_stl_ros2/environment/path.sh
[5.251s] -- Installing: /home/russ/fromScratchTurtleBot/install/ldlidar_stl_ros2/share/ldlidar_stl_ros2/environment/path.dsv
[5.251s] -- Installing: /home/russ/fromScratchTurtleBot/install/ldlidar_stl_ros2/share/ldlidar_stl_ros2/local_setup.bash
[5.251s] -- Installing: /home/russ/fromScratchTurtleBot/install/ldlidar_stl_ros2/share/ldlidar_stl_ros2/local_setup.sh
[5.251s] -- Installing: /home/russ/fromScratchTurtleBot/install/ldlidar_stl_ros2/share/ldlidar_stl_ros2/local_setup.zsh
[5.251s] -- Installing: /home/russ/fromScratchTurtleBot/install/ldlidar_stl_ros2/share/ldlidar_stl_ros2/local_setup.dsv
[5.251s] -- Installing: /home/russ/fromScratchTurtleBot/install/ldlidar_stl_ros2/share/ldlidar_stl_ros2/package.dsv
[5.252s] -- Installing: /home/russ/fromScratchTurtleBot/install/ldlidar_stl_ros2/share/ament_index/resource_index/packages/ldlidar_stl_ros2
[5.252s] -- Installing: /home/russ/fromScratchTurtleBot/install/ldlidar_stl_ros2/share/ldlidar_stl_ros2/cmake/ldlidar_stl_ros2Config.cmake
[5.252s] -- Installing: /home/russ/fromScratchTurtleBot/install/ldlidar_stl_ros2/share/ldlidar_stl_ros2/cmake/ldlidar_stl_ros2Config-version.cmake
[5.252s] -- Installing: /home/russ/fromScratchTurtleBot/install/ldlidar_stl_ros2/share/ldlidar_stl_ros2/package.xml
[5.253s] Invoked command in '/home/russ/fromScratchTurtleBot/build/ldlidar_stl_ros2' returned '0': CMAKE_PREFIX_PATH=${CMAKE_PREFIX_PATH}:/opt/ros/jazzy DEBUGINFOD_URLS=https://debuginfod.ubuntu.com /usr/bin/cmake --install /home/russ/fromScratchTurtleBot/build/ldlidar_stl_ros2
